\BOOKMARK [0][-]{chapter.1}{Architecture}{}% 1
\BOOKMARK [1][-]{section.1.1}{Vaadin Architecture Overview}{chapter.1}% 2
\BOOKMARK [1][-]{section.1.2}{Lifetime Frontend Subsystem}{chapter.1}% 3
\BOOKMARK [2][-]{subsection.1.2.1}{LifetimeUI}{section.1.2}% 4
\BOOKMARK [2][-]{subsection.1.2.2}{LifetimeView}{section.1.2}% 5
\BOOKMARK [1][-]{section.1.3}{Lifetime Backend Subsystem}{chapter.1}% 6
\BOOKMARK [1][-]{section.1.4}{Lifetime Storage Subsystem}{chapter.1}% 7
\BOOKMARK [0][-]{chapter.2}{Design}{}% 8
\BOOKMARK [1][-]{section.2.1}{Guest Services}{chapter.2}% 9
\BOOKMARK [2][-]{subsection.2.1.1}{Requirements}{section.2.1}% 10
\BOOKMARK [2][-]{subsection.2.1.2}{Use Cases}{section.2.1}% 11
\BOOKMARK [2][-]{subsection.2.1.3}{Class Diagram}{section.2.1}% 12
\BOOKMARK [2][-]{subsection.2.1.4}{Activity Diagram}{section.2.1}% 13
\BOOKMARK [2][-]{subsection.2.1.5}{Tests}{section.2.1}% 14
\BOOKMARK [1][-]{section.2.2}{User Services}{chapter.2}% 15
\BOOKMARK [2][-]{subsection.2.2.1}{Requirements}{section.2.2}% 16
\BOOKMARK [2][-]{subsection.2.2.2}{Use Cases}{section.2.2}% 17
\BOOKMARK [2][-]{subsection.2.2.3}{Class Diagram}{section.2.2}% 18
\BOOKMARK [2][-]{subsection.2.2.4}{Activity Diagram}{section.2.2}% 19
\BOOKMARK [2][-]{subsection.2.2.5}{Tests}{section.2.2}% 20
\BOOKMARK [1][-]{section.2.3}{Administration Services}{chapter.2}% 21
\BOOKMARK [2][-]{subsection.2.3.1}{Requirements}{section.2.3}% 22
\BOOKMARK [2][-]{subsection.2.3.2}{Use Cases}{section.2.3}% 23
\BOOKMARK [2][-]{subsection.2.3.3}{Class Diagram}{section.2.3}% 24
\BOOKMARK [2][-]{subsection.2.3.4}{Activity Diagram}{section.2.3}% 25
\BOOKMARK [2][-]{subsection.2.3.5}{Tests}{section.2.3}% 26
\BOOKMARK [0][-]{chapter.3}{Implementation}{}% 27
\BOOKMARK [1][-]{section.3.1}{Architecture}{chapter.3}% 28
\BOOKMARK [1][-]{section.3.2}{User Interface}{chapter.3}% 29
\BOOKMARK [1][-]{section.3.3}{Backend Services}{chapter.3}% 30
